[debug] [2020-12-17T03:12:12.251Z] ----------------------------------------------------------------------
[debug] [2020-12-17T03:12:12.253Z] Command:       /Users/tamakikyou/.nodebrew/node/v14.8.0/bin/node /Users/tamakikyou/.nodebrew/current/bin/firebase login
[debug] [2020-12-17T03:12:12.253Z] CLI Version:   8.15.1
[debug] [2020-12-17T03:12:12.253Z] Platform:      darwin
[debug] [2020-12-17T03:12:12.253Z] Node Version:  v14.8.0
[debug] [2020-12-17T03:12:12.255Z] Time:          Thu Dec 17 2020 12:12:12 GMT+0900 (日本標準時)
[debug] [2020-12-17T03:12:12.255Z] ----------------------------------------------------------------------
[debug] [2020-12-17T03:12:12.255Z] 
[info] Already logged in as hbk2002320@gmail.com
[debug] [2020-12-17T03:12:46.192Z] ----------------------------------------------------------------------
[debug] [2020-12-17T03:12:46.194Z] Command:       /Users/tamakikyou/.nodebrew/node/v14.8.0/bin/node /Users/tamakikyou/.nodebrew/current/bin/firebase init
[debug] [2020-12-17T03:12:46.194Z] CLI Version:   8.15.1
[debug] [2020-12-17T03:12:46.195Z] Platform:      darwin
[debug] [2020-12-17T03:12:46.195Z] Node Version:  v14.8.0
[debug] [2020-12-17T03:12:46.196Z] Time:          Thu Dec 17 2020 12:12:46 GMT+0900 (日本標準時)
[debug] [2020-12-17T03:12:46.197Z] ----------------------------------------------------------------------
[debug] [2020-12-17T03:12:46.197Z] 
[debug] [2020-12-17T03:12:46.210Z] > command requires scopes: ["email","openid","https://www.googleapis.com/auth/cloudplatformprojects.readonly","https://www.googleapis.com/auth/firebase","https://www.googleapis.com/auth/cloud-platform"]
[debug] [2020-12-17T03:12:46.212Z] > authorizing via signed-in user
[info] 
     ######## #### ########  ######## ########     ###     ######  ########
     ##        ##  ##     ## ##       ##     ##  ##   ##  ##       ##
     ######    ##  ########  ######   ########  #########  ######  ######
     ##        ##  ##    ##  ##       ##     ## ##     ##       ## ##
     ##       #### ##     ## ######## ########  ##     ##  ######  ########

You're about to initialize a Firebase project in this directory:

  /Users/tamakikyou/proguraming/react_todo

[info] 
=== Project Setup
[info] 
[info] First, let's associate this project directory with a Firebase project.
[info] You can create multiple project aliases by running firebase use --add, 
[info] but for now we'll just set up a default project.
[info] 
[debug] [2020-12-17T03:16:25.152Z] > refreshing access token with scopes: ["email","https://www.googleapis.com/auth/cloud-platform","https://www.googleapis.com/auth/cloudplatformprojects.readonly","https://www.googleapis.com/auth/firebase","openid"]
[debug] [2020-12-17T03:16:25.152Z] >>> HTTP REQUEST POST https://www.googleapis.com/oauth2/v3/token  
 <request body omitted>
[debug] [2020-12-17T03:17:40.435Z] Authentication Error: Your credentials are no longer valid. Please run firebase login --reauth

For CI servers and headless environments, generate a new token with firebase login:ci
[debug] [2020-12-17T03:18:55.663Z] FirebaseError: Authentication Error: Your credentials are no longer valid. Please run firebase login --reauth

For CI servers and headless environments, generate a new token with firebase login:ci
    at Object.<anonymous> (/Users/tamakikyou/.nodebrew/node/v14.8.0/lib/node_modules/firebase-tools/lib/auth.js:23:32)
    at Module._compile (internal/modules/cjs/loader.js:1251:30)
    at Object.Module._extensions..js (internal/modules/cjs/loader.js:1272:10)
    at Module.load (internal/modules/cjs/loader.js:1100:32)
    at Function.Module._load (internal/modules/cjs/loader.js:962:14)
    at Module.require (internal/modules/cjs/loader.js:1140:19)
    at require (internal/modules/cjs/helpers.js:75:18)
    at Object.<anonymous> (/Users/tamakikyou/.nodebrew/node/v14.8.0/lib/node_modules/firebase-tools/lib/init/features/hosting/github.js:20:16)
    at Module._compile (internal/modules/cjs/loader.js:1251:30)
    at Object.Module._extensions..js (internal/modules/cjs/loader.js:1272:10)
    at Module.load (internal/modules/cjs/loader.js:1100:32)
    at Function.Module._load (internal/modules/cjs/loader.js:962:14)
    at Module.require (internal/modules/cjs/loader.js:1140:19)
    at require (internal/modules/cjs/helpers.js:75:18)
    at Object.<anonymous> (/Users/tamakikyou/.nodebrew/node/v14.8.0/lib/node_modules/firebase-tools/lib/init/features/hosting/index.js:7:22)
    at Module._compile (internal/modules/cjs/loader.js:1251:30)
[error] 
[error] Error: Failed to list Firebase projects. See firebase-debug.log for more info.
